jhw@ubuntu:~/WorkSpace/JavaPrograms/acmdb-lab1/acmdb-lab1$ ant test
Buildfile: /home/jhw/WorkSpace/JavaPrograms/acmdb-lab1/acmdb-lab1/build.xml

compile:
   [depend] The class simpledb.systemtest.ScanTest$1InstrumentedHeapFile in file /home/jhw/WorkSpace/JavaPrograms/acmdb-lab1/acmdb-lab1/bin/src/simpledb/systemtest/ScanTest$1InstrumentedHeapFile.class is out of date due to simpledb.HeapFile but has not been deleted because its source file could not be determined
   [depend] The class simpledb.HeapFileReadTest in file /home/jhw/WorkSpace/JavaPrograms/acmdb-lab1/acmdb-lab1/bin/src/simpledb/HeapFileReadTest.class is out of date due to simpledb.HeapFile but has not been deleted because its source file could not be determined
   [depend] The class simpledb.systemtest.ScanTest in file /home/jhw/WorkSpace/JavaPrograms/acmdb-lab1/acmdb-lab1/bin/src/simpledb/systemtest/ScanTest.class is out of date due to simpledb.HeapFile but has not been deleted because its source file could not be determined
   [depend] Deleted 5 out of date files in 0 seconds
    [javac] Compiling 4 source files to /home/jhw/WorkSpace/JavaPrograms/acmdb-lab1/acmdb-lab1/bin/src

testcompile:

test:
    [junit] Running simpledb.CatalogTest
    [junit] Testsuite: simpledb.CatalogTest
    [junit] Tests run: 5, Failures: 0, Errors: 0, Skipped: 0, Time elapsed: 0.087 sec
    [junit] Tests run: 5, Failures: 0, Errors: 0, Skipped: 0, Time elapsed: 0.087 sec
    [junit] 
    [junit] Testcase: handleDuplicateNames took 0.028 sec
    [junit] Testcase: getTableId took 0 sec
    [junit] Testcase: handleDuplicateIds took 0 sec
    [junit] Testcase: getTupleDesc took 0 sec
    [junit] Testcase: getDatabaseFile took 0 sec
    [junit] Running simpledb.HeapFileReadTest
    [junit] Testsuite: simpledb.HeapFileReadTest
    [junit] Tests run: 6, Failures: 0, Errors: 0, Skipped: 0, Time elapsed: 0.156 sec
    [junit] Tests run: 6, Failures: 0, Errors: 0, Skipped: 0, Time elapsed: 0.156 sec
    [junit] ------------- Standard Output ---------------
    [junit] file length :「 4096 」,BufferPool PageSize :「 4096 」 
    [junit] file length :「 4096 」,BufferPool PageSize :「 4096 」 
    [junit] file length :「 8192 」,BufferPool PageSize :「 4096 」 
    [junit] file length :「 4096 」,BufferPool PageSize :「 4096 」 
    [junit] ------------- ---------------- ---------------
    [junit] 
    [junit] Testcase: readPage took 0.071 sec
    [junit] Testcase: testIteratorBasic took 0.013 sec
    [junit] Testcase: testIteratorClose took 0.023 sec
    [junit] Testcase: getTupleDesc took 0.003 sec
    [junit] Testcase: numPages took 0.003 sec
    [junit] Testcase: getId took 0.006 sec
    [junit] Running simpledb.HeapPageIdTest
    [junit] Testsuite: simpledb.HeapPageIdTest
    [junit] Tests run: 4, Failures: 0, Errors: 0, Skipped: 0, Time elapsed: 0.056 sec
    [junit] Tests run: 4, Failures: 0, Errors: 0, Skipped: 0, Time elapsed: 0.056 sec
    [junit] 
    [junit] Testcase: getTableId took 0.015 sec
    [junit] Testcase: pageno took 0 sec
    [junit] Testcase: testHashCode took 0.001 sec
    [junit] Testcase: equals took 0.001 sec
    [junit] Running simpledb.HeapPageReadTest
    [junit] Testsuite: simpledb.HeapPageReadTest
    [junit] Tests run: 4, Failures: 0, Errors: 0, Skipped: 0, Time elapsed: 0.092 sec
    [junit] Tests run: 4, Failures: 0, Errors: 0, Skipped: 0, Time elapsed: 0.092 sec
    [junit] 
    [junit] Testcase: getNumEmptySlots took 0.029 sec
    [junit] Testcase: testIterator took 0.009 sec
    [junit] Testcase: getId took 0.01 sec
    [junit] Testcase: getSlot took 0.011 sec
    [junit] Running simpledb.RecordIdTest
    [junit] Testsuite: simpledb.RecordIdTest
    [junit] Tests run: 4, Failures: 0, Errors: 0, Skipped: 0, Time elapsed: 0.038 sec
    [junit] Tests run: 4, Failures: 0, Errors: 0, Skipped: 0, Time elapsed: 0.038 sec
    [junit] 
    [junit] Testcase: equals took 0.011 sec
    [junit] Testcase: hCode took 0 sec
    [junit] Testcase: tupleno took 0 sec
    [junit] Testcase: getPageId took 0.001 sec
    [junit] Running simpledb.TupleDescTest
    [junit] Testsuite: simpledb.TupleDescTest
    [junit] Tests run: 6, Failures: 0, Errors: 0, Skipped: 0, Time elapsed: 0.285 sec
    [junit] Tests run: 6, Failures: 0, Errors: 0, Skipped: 0, Time elapsed: 0.285 sec
    [junit] 
    [junit] Testcase: nameToId took 0.126 sec
    [junit] Testcase: numFields took 0.041 sec
    [junit] Testcase: testEquals took 0.001 sec
    [junit] Testcase: combine took 0.001 sec
    [junit] Testcase: getType took 0.043 sec
    [junit] Testcase: getSize took 0.041 sec
    [junit] Running simpledb.TupleTest
    [junit] Testsuite: simpledb.TupleTest
    [junit] Tests run: 3, Failures: 0, Errors: 0, Skipped: 0, Time elapsed: 0.044 sec
    [junit] Tests run: 3, Failures: 0, Errors: 0, Skipped: 0, Time elapsed: 0.044 sec
    [junit] 
    [junit] Testcase: modifyFields took 0.017 sec
    [junit] Testcase: getTupleDesc took 0.001 sec
    [junit] Testcase: modifyRecordId took 0.001 sec

BUILD SUCCESSFUL
Total time: 13 seconds
jhw@ubuntu:~/WorkSpace/JavaPrograms/acmdb-lab1/acmdb-lab1$ ant systemtest
Buildfile: /home/jhw/WorkSpace/JavaPrograms/acmdb-lab1/acmdb-lab1/build.xml

compile:

testcompile:

systemtest:
    [junit] Running simpledb.systemtest.ScanTest
    [junit] Testsuite: simpledb.systemtest.ScanTest
    [junit] Tests run: 3, Failures: 0, Errors: 0, Skipped: 0, Time elapsed: 1.284 sec
    [junit] Tests run: 3, Failures: 0, Errors: 0, Skipped: 0, Time elapsed: 1.284 sec
    [junit] ------------- Standard Output ---------------
    [junit] file length :「 8192 」,BufferPool PageSize :「 4096 」 
    [junit] file length :「 8192 」,BufferPool PageSize :「 4096 」 
    [junit] file length :「 122880 」,BufferPool PageSize :「 4096 」 
    [junit] file length :「 122880 」,BufferPool PageSize :「 4096 」 
    [junit] file length :「 122880 」,BufferPool PageSize :「 4096 」 
    [junit] file length :「 122880 」,BufferPool PageSize :「 4096 」 
    [junit] file length :「 122880 」,BufferPool PageSize :「 4096 」 
    [junit] file length :「 122880 」,BufferPool PageSize :「 4096 」 
    [junit] file length :「 122880 」,BufferPool PageSize :「 4096 」 
    [junit] file length :「 122880 」,BufferPool PageSize :「 4096 」 
    [junit] file length :「 122880 」,BufferPool PageSize :「 4096 」 
    [junit] file length :「 122880 」,BufferPool PageSize :「 4096 」 
    [junit] file length :「 122880 」,BufferPool PageSize :「 4096 」 
    [junit] file length :「 122880 」,BufferPool PageSize :「 4096 」 
    [junit] file length :「 122880 」,BufferPool PageSize :「 4096 」 
    [junit] file length :「 122880 」,BufferPool PageSize :「 4096 」 
    [junit] file length :「 122880 」,BufferPool PageSize :「 4096 」 
    [junit] file length :「 122880 」,BufferPool PageSize :「 4096 」 
    [junit] file length :「 122880 」,BufferPool PageSize :「 4096 」 
    [junit] file length :「 122880 」,BufferPool PageSize :「 4096 」 
    [junit] file length :「 122880 」,BufferPool PageSize :「 4096 」 
    [junit] file length :「 122880 」,BufferPool PageSize :「 4096 」 
    [junit] file length :「 122880 」,BufferPool PageSize :「 4096 」 
    [junit] file length :「 122880 」,BufferPool PageSize :「 4096 」 
    [junit] file length :「 122880 」,BufferPool PageSize :「 4096 」 
    [junit] file length :「 122880 」,BufferPool PageSize :「 4096 」 
    [junit] file length :「 122880 」,BufferPool PageSize :「 4096 」 
    [junit] file length :「 122880 」,BufferPool PageSize :「 4096 」 
    [junit] file length :「 122880 」,BufferPool PageSize :「 4096 」 
    [junit] file length :「 122880 」,BufferPool PageSize :「 4096 」 
    [junit] file length :「 122880 」,BufferPool PageSize :「 4096 」 
    [junit] file length :「 122880 」,BufferPool PageSize :「 4096 」 
    [junit] file length :「 122880 」,BufferPool PageSize :「 4096 」 
    [junit] file length :「 122880 」,BufferPool PageSize :「 4096 」 
    [junit] file length :「 122880 」,BufferPool PageSize :「 4096 」 
    [junit] file length :「 122880 」,BufferPool PageSize :「 4096 」 
    [junit] file length :「 122880 」,BufferPool PageSize :「 4096 」 
    [junit] file length :「 122880 」,BufferPool PageSize :「 4096 」 
    [junit] file length :「 122880 」,BufferPool PageSize :「 4096 」 
    [junit] file length :「 122880 」,BufferPool PageSize :「 4096 」 
    [junit] file length :「 122880 」,BufferPool PageSize :「 4096 」 
    [junit] file length :「 122880 」,BufferPool PageSize :「 4096 」 
    [junit] file length :「 122880 」,BufferPool PageSize :「 4096 」 
    [junit] file length :「 122880 」,BufferPool PageSize :「 4096 」 
    [junit] file length :「 122880 」,BufferPool PageSize :「 4096 」 
    [junit] file length :「 122880 」,BufferPool PageSize :「 4096 」 
    [junit] file length :「 122880 」,BufferPool PageSize :「 4096 」 
    [junit] file length :「 122880 」,BufferPool PageSize :「 4096 」 
    [junit] file length :「 122880 」,BufferPool PageSize :「 4096 」 
    [junit] file length :「 122880 」,BufferPool PageSize :「 4096 」 
    [junit] file length :「 122880 」,BufferPool PageSize :「 4096 」 
    [junit] file length :「 122880 」,BufferPool PageSize :「 4096 」 
    [junit] file length :「 122880 」,BufferPool PageSize :「 4096 」 
    [junit] file length :「 122880 」,BufferPool PageSize :「 4096 」 
    [junit] file length :「 122880 」,BufferPool PageSize :「 4096 」 
    [junit] file length :「 122880 」,BufferPool PageSize :「 4096 」 
    [junit] file length :「 122880 」,BufferPool PageSize :「 4096 」 
    [junit] file length :「 122880 」,BufferPool PageSize :「 4096 」 
    [junit] file length :「 122880 」,BufferPool PageSize :「 4096 」 
    [junit] file length :「 122880 」,BufferPool PageSize :「 4096 」 
    [junit] file length :「 122880 」,BufferPool PageSize :「 4096 」 
    [junit] file length :「 122880 」,BufferPool PageSize :「 4096 」 
    [junit] file length :「 122880 」,BufferPool PageSize :「 4096 」 
    [junit] file length :「 122880 」,BufferPool PageSize :「 4096 」 
    [junit] file length :「 122880 」,BufferPool PageSize :「 4096 」 
    [junit] file length :「 122880 」,BufferPool PageSize :「 4096 」 
    [junit] file length :「 122880 」,BufferPool PageSize :「 4096 」 
    [junit] file length :「 122880 」,BufferPool PageSize :「 4096 」 
    [junit] file length :「 122880 」,BufferPool PageSize :「 4096 」 
    [junit] file length :「 122880 」,BufferPool PageSize :「 4096 」 
    [junit] file length :「 122880 」,BufferPool PageSize :「 4096 」 
    [junit] file length :「 122880 」,BufferPool PageSize :「 4096 」 
    [junit] file length :「 122880 」,BufferPool PageSize :「 4096 」 
    [junit] file length :「 122880 」,BufferPool PageSize :「 4096 」 
    [junit] file length :「 122880 」,BufferPool PageSize :「 4096 」 
    [junit] file length :「 122880 」,BufferPool PageSize :「 4096 」 
    [junit] file length :「 122880 」,BufferPool PageSize :「 4096 」 
    [junit] file length :「 122880 」,BufferPool PageSize :「 4096 」 
    [junit] file length :「 122880 」,BufferPool PageSize :「 4096 」 
    [junit] file length :「 122880 」,BufferPool PageSize :「 4096 」 
    [junit] file length :「 122880 」,BufferPool PageSize :「 4096 」 
    [junit] file length :「 122880 」,BufferPool PageSize :「 4096 」 
    [junit] file length :「 122880 」,BufferPool PageSize :「 4096 」 
    [junit] file length :「 122880 」,BufferPool PageSize :「 4096 」 
    [junit] file length :「 122880 」,BufferPool PageSize :「 4096 」 
    [junit] file length :「 122880 」,BufferPool PageSize :「 4096 」 
    [junit] file length :「 122880 」,BufferPool PageSize :「 4096 」 
    [junit] file length :「 122880 」,BufferPool PageSize :「 4096 」 
    [junit] file length :「 122880 」,BufferPool PageSize :「 4096 」 
    [junit] file length :「 122880 」,BufferPool PageSize :「 4096 」 
    [junit] file length :「 122880 」,BufferPool PageSize :「 4096 」 
    [junit] file length :「 122880 」,BufferPool PageSize :「 4096 」 
    [junit] file length :「 122880 」,BufferPool PageSize :「 4096 」 
    [junit] file length :「 122880 」,BufferPool PageSize :「 4096 」 
    [junit] file length :「 122880 」,BufferPool PageSize :「 4096 」 
    [junit] file length :「 122880 」,BufferPool PageSize :「 4096 」 
    [junit] file length :「 122880 」,BufferPool PageSize :「 4096 」 
    [junit] file length :「 122880 」,BufferPool PageSize :「 4096 」 
    [junit] file length :「 122880 」,BufferPool PageSize :「 4096 」 
    [junit] file length :「 122880 」,BufferPool PageSize :「 4096 」 
    [junit] file length :「 122880 」,BufferPool PageSize :「 4096 」 
    [junit] file length :「 122880 」,BufferPool PageSize :「 4096 」 
    [junit] file length :「 122880 」,BufferPool PageSize :「 4096 」 
    [junit] file length :「 122880 」,BufferPool PageSize :「 4096 」 
    [junit] file length :「 122880 」,BufferPool PageSize :「 4096 」 
    [junit] file length :「 122880 」,BufferPool PageSize :「 4096 」 
    [junit] file length :「 122880 」,BufferPool PageSize :「 4096 」 
    [junit] file length :「 122880 」,BufferPool PageSize :「 4096 」 
    [junit] file length :「 122880 」,BufferPool PageSize :「 4096 」 
    [junit] file length :「 122880 」,BufferPool PageSize :「 4096 」 
    [junit] file length :「 122880 」,BufferPool PageSize :「 4096 」 
    [junit] file length :「 122880 」,BufferPool PageSize :「 4096 」 
    [junit] file length :「 122880 」,BufferPool PageSize :「 4096 」 
    [junit] file length :「 122880 」,BufferPool PageSize :「 4096 」 
    [junit] file length :「 122880 」,BufferPool PageSize :「 4096 」 
    [junit] file length :「 122880 」,BufferPool PageSize :「 4096 」 
    [junit] file length :「 122880 」,BufferPool PageSize :「 4096 」 
    [junit] file length :「 122880 」,BufferPool PageSize :「 4096 」 
    [junit] file length :「 122880 」,BufferPool PageSize :「 4096 」 
    [junit] file length :「 122880 」,BufferPool PageSize :「 4096 」 
    [junit] file length :「 122880 」,BufferPool PageSize :「 4096 」 
    [junit] file length :「 122880 」,BufferPool PageSize :「 4096 」 
    [junit] file length :「 4096 」,BufferPool PageSize :「 4096 」 
    [junit] file length :「 4096 」,BufferPool PageSize :「 4096 」 
    [junit] file length :「 4096 」,BufferPool PageSize :「 4096 」 
    [junit] file length :「 4096 」,BufferPool PageSize :「 4096 」 
    [junit] file length :「 4096 」,BufferPool PageSize :「 4096 」 
    [junit] file length :「 4096 」,BufferPool PageSize :「 4096 」 
    [junit] file length :「 4096 」,BufferPool PageSize :「 4096 」 
    [junit] file length :「 4096 」,BufferPool PageSize :「 4096 」 
    [junit] file length :「 4096 」,BufferPool PageSize :「 4096 」 
    [junit] file length :「 4096 」,BufferPool PageSize :「 4096 」 
    [junit] file length :「 4096 」,BufferPool PageSize :「 4096 」 
    [junit] file length :「 4096 」,BufferPool PageSize :「 4096 」 
    [junit] file length :「 8192 」,BufferPool PageSize :「 4096 」 
    [junit] file length :「 8192 」,BufferPool PageSize :「 4096 」 
    [junit] file length :「 8192 」,BufferPool PageSize :「 4096 」 
    [junit] file length :「 8192 」,BufferPool PageSize :「 4096 」 
    [junit] file length :「 8192 」,BufferPool PageSize :「 4096 」 
    [junit] file length :「 8192 」,BufferPool PageSize :「 4096 」 
    [junit] file length :「 8192 」,BufferPool PageSize :「 4096 」 
    [junit] file length :「 8192 」,BufferPool PageSize :「 4096 」 
    [junit] file length :「 8192 」,BufferPool PageSize :「 4096 」 
    [junit] file length :「 8192 」,BufferPool PageSize :「 4096 」 
    [junit] file length :「 8192 」,BufferPool PageSize :「 4096 」 
    [junit] file length :「 8192 」,BufferPool PageSize :「 4096 」 
    [junit] file length :「 32768 」,BufferPool PageSize :「 4096 」 
    [junit] file length :「 32768 」,BufferPool PageSize :「 4096 」 
    [junit] file length :「 32768 」,BufferPool PageSize :「 4096 」 
    [junit] file length :「 32768 」,BufferPool PageSize :「 4096 」 
    [junit] file length :「 32768 」,BufferPool PageSize :「 4096 」 
    [junit] file length :「 32768 」,BufferPool PageSize :「 4096 」 
    [junit] file length :「 32768 」,BufferPool PageSize :「 4096 」 
    [junit] file length :「 32768 」,BufferPool PageSize :「 4096 」 
    [junit] file length :「 32768 」,BufferPool PageSize :「 4096 」 
    [junit] file length :「 32768 」,BufferPool PageSize :「 4096 」 
    [junit] file length :「 32768 」,BufferPool PageSize :「 4096 」 
    [junit] file length :「 32768 」,BufferPool PageSize :「 4096 」 
    [junit] file length :「 32768 」,BufferPool PageSize :「 4096 」 
    [junit] file length :「 32768 」,BufferPool PageSize :「 4096 」 
    [junit] file length :「 32768 」,BufferPool PageSize :「 4096 」 
    [junit] file length :「 32768 」,BufferPool PageSize :「 4096 」 
    [junit] file length :「 4096 」,BufferPool PageSize :「 4096 」 
    [junit] file length :「 4096 」,BufferPool PageSize :「 4096 」 
    [junit] file length :「 4096 」,BufferPool PageSize :「 4096 」 
    [junit] file length :「 4096 」,BufferPool PageSize :「 4096 」 
    [junit] file length :「 4096 」,BufferPool PageSize :「 4096 」 
    [junit] file length :「 4096 」,BufferPool PageSize :「 4096 」 
    [junit] file length :「 8192 」,BufferPool PageSize :「 4096 」 
    [junit] file length :「 8192 」,BufferPool PageSize :「 4096 」 
    [junit] file length :「 8192 」,BufferPool PageSize :「 4096 」 
    [junit] file length :「 8192 」,BufferPool PageSize :「 4096 」 
    [junit] file length :「 8192 」,BufferPool PageSize :「 4096 」 
    [junit] file length :「 8192 」,BufferPool PageSize :「 4096 」 
    [junit] file length :「 8192 」,BufferPool PageSize :「 4096 」 
    [junit] file length :「 8192 」,BufferPool PageSize :「 4096 」 
    [junit] file length :「 8192 」,BufferPool PageSize :「 4096 」 
    [junit] file length :「 8192 」,BufferPool PageSize :「 4096 」 
    [junit] file length :「 8192 」,BufferPool PageSize :「 4096 」 
    [junit] file length :「 8192 」,BufferPool PageSize :「 4096 」 
    [junit] file length :「 12288 」,BufferPool PageSize :「 4096 」 
    [junit] file length :「 12288 」,BufferPool PageSize :「 4096 」 
    [junit] file length :「 12288 」,BufferPool PageSize :「 4096 」 
    [junit] file length :「 12288 」,BufferPool PageSize :「 4096 」 
    [junit] file length :「 12288 」,BufferPool PageSize :「 4096 」 
    [junit] file length :「 12288 」,BufferPool PageSize :「 4096 」 
    [junit] file length :「 12288 」,BufferPool PageSize :「 4096 」 
    [junit] file length :「 12288 」,BufferPool PageSize :「 4096 」 
    [junit] file length :「 12288 」,BufferPool PageSize :「 4096 」 
    [junit] file length :「 12288 」,BufferPool PageSize :「 4096 」 
    [junit] file length :「 12288 」,BufferPool PageSize :「 4096 」 
    [junit] file length :「 12288 」,BufferPool PageSize :「 4096 」 
    [junit] file length :「 12288 」,BufferPool PageSize :「 4096 」 
    [junit] file length :「 12288 」,BufferPool PageSize :「 4096 」 
    [junit] file length :「 12288 」,BufferPool PageSize :「 4096 」 
    [junit] file length :「 12288 」,BufferPool PageSize :「 4096 」 
    [junit] file length :「 12288 」,BufferPool PageSize :「 4096 」 
    [junit] file length :「 12288 」,BufferPool PageSize :「 4096 」 
    [junit] file length :「 61440 」,BufferPool PageSize :「 4096 」 
    [junit] file length :「 61440 」,BufferPool PageSize :「 4096 」 
    [junit] file length :「 61440 」,BufferPool PageSize :「 4096 」 
    [junit] file length :「 61440 」,BufferPool PageSize :「 4096 」 
    [junit] file length :「 61440 」,BufferPool PageSize :「 4096 」 
    [junit] file length :「 61440 」,BufferPool PageSize :「 4096 」 
    [junit] file length :「 61440 」,BufferPool PageSize :「 4096 」 
    [junit] file length :「 61440 」,BufferPool PageSize :「 4096 」 
    [junit] file length :「 61440 」,BufferPool PageSize :「 4096 」 
    [junit] file length :「 61440 」,BufferPool PageSize :「 4096 」 
    [junit] file length :「 61440 」,BufferPool PageSize :「 4096 」 
    [junit] file length :「 61440 」,BufferPool PageSize :「 4096 」 
    [junit] file length :「 61440 」,BufferPool PageSize :「 4096 」 
    [junit] file length :「 61440 」,BufferPool PageSize :「 4096 」 
    [junit] file length :「 61440 」,BufferPool PageSize :「 4096 」 
    [junit] file length :「 61440 」,BufferPool PageSize :「 4096 」 
    [junit] file length :「 61440 」,BufferPool PageSize :「 4096 」 
    [junit] file length :「 61440 」,BufferPool PageSize :「 4096 」 
    [junit] file length :「 61440 」,BufferPool PageSize :「 4096 」 
    [junit] file length :「 61440 」,BufferPool PageSize :「 4096 」 
    [junit] file length :「 61440 」,BufferPool PageSize :「 4096 」 
    [junit] file length :「 61440 」,BufferPool PageSize :「 4096 」 
    [junit] file length :「 61440 」,BufferPool PageSize :「 4096 」 
    [junit] file length :「 61440 」,BufferPool PageSize :「 4096 」 
    [junit] file length :「 61440 」,BufferPool PageSize :「 4096 」 
    [junit] file length :「 61440 」,BufferPool PageSize :「 4096 」 
    [junit] file length :「 61440 」,BufferPool PageSize :「 4096 」 
    [junit] file length :「 61440 」,BufferPool PageSize :「 4096 」 
    [junit] file length :「 61440 」,BufferPool PageSize :「 4096 」 
    [junit] file length :「 61440 」,BufferPool PageSize :「 4096 」 
    [junit] file length :「 4096 」,BufferPool PageSize :「 4096 」 
    [junit] file length :「 4096 」,BufferPool PageSize :「 4096 」 
    [junit] file length :「 4096 」,BufferPool PageSize :「 4096 」 
    [junit] file length :「 4096 」,BufferPool PageSize :「 4096 」 
    [junit] file length :「 4096 」,BufferPool PageSize :「 4096 」 
    [junit] file length :「 4096 」,BufferPool PageSize :「 4096 」 
    [junit] file length :「 8192 」,BufferPool PageSize :「 4096 」 
    [junit] file length :「 8192 」,BufferPool PageSize :「 4096 」 
    [junit] file length :「 8192 」,BufferPool PageSize :「 4096 」 
    [junit] file length :「 8192 」,BufferPool PageSize :「 4096 」 
    [junit] file length :「 8192 」,BufferPool PageSize :「 4096 」 
    [junit] file length :「 8192 」,BufferPool PageSize :「 4096 」 
    [junit] file length :「 8192 」,BufferPool PageSize :「 4096 」 
    [junit] file length :「 8192 」,BufferPool PageSize :「 4096 」 
    [junit] file length :「 8192 」,BufferPool PageSize :「 4096 」 
    [junit] file length :「 8192 」,BufferPool PageSize :「 4096 」 
    [junit] file length :「 8192 」,BufferPool PageSize :「 4096 」 
    [junit] file length :「 8192 」,BufferPool PageSize :「 4096 」 
    [junit] file length :「 16384 」,BufferPool PageSize :「 4096 」 
    [junit] file length :「 16384 」,BufferPool PageSize :「 4096 」 
    [junit] file length :「 16384 」,BufferPool PageSize :「 4096 」 
    [junit] file length :「 16384 」,BufferPool PageSize :「 4096 」 
    [junit] file length :「 16384 」,BufferPool PageSize :「 4096 」 
    [junit] file length :「 16384 」,BufferPool PageSize :「 4096 」 
    [junit] file length :「 16384 」,BufferPool PageSize :「 4096 」 
    [junit] file length :「 16384 」,BufferPool PageSize :「 4096 」 
    [junit] file length :「 16384 」,BufferPool PageSize :「 4096 」 
    [junit] file length :「 16384 」,BufferPool PageSize :「 4096 」 
    [junit] file length :「 16384 」,BufferPool PageSize :「 4096 」 
    [junit] file length :「 16384 」,BufferPool PageSize :「 4096 」 
    [junit] file length :「 16384 」,BufferPool PageSize :「 4096 」 
    [junit] file length :「 16384 」,BufferPool PageSize :「 4096 」 
    [junit] file length :「 16384 」,BufferPool PageSize :「 4096 」 
    [junit] file length :「 16384 」,BufferPool PageSize :「 4096 」 
    [junit] file length :「 16384 」,BufferPool PageSize :「 4096 」 
    [junit] file length :「 16384 」,BufferPool PageSize :「 4096 」 
    [junit] file length :「 16384 」,BufferPool PageSize :「 4096 」 
    [junit] file length :「 16384 」,BufferPool PageSize :「 4096 」 
    [junit] file length :「 16384 」,BufferPool PageSize :「 4096 」 
    [junit] file length :「 16384 」,BufferPool PageSize :「 4096 」 
    [junit] file length :「 16384 」,BufferPool PageSize :「 4096 」 
    [junit] file length :「 16384 」,BufferPool PageSize :「 4096 」 
    [junit] file length :「 90112 」,BufferPool PageSize :「 4096 」 
    [junit] file length :「 90112 」,BufferPool PageSize :「 4096 」 
    [junit] file length :「 90112 」,BufferPool PageSize :「 4096 」 
    [junit] file length :「 90112 」,BufferPool PageSize :「 4096 」 
    [junit] file length :「 90112 」,BufferPool PageSize :「 4096 」 
    [junit] file length :「 90112 」,BufferPool PageSize :「 4096 」 
    [junit] file length :「 90112 」,BufferPool PageSize :「 4096 」 
    [junit] file length :「 90112 」,BufferPool PageSize :「 4096 」 
    [junit] file length :「 90112 」,BufferPool PageSize :「 4096 」 
    [junit] file length :「 90112 」,BufferPool PageSize :「 4096 」 
    [junit] file length :「 90112 」,BufferPool PageSize :「 4096 」 
    [junit] file length :「 90112 」,BufferPool PageSize :「 4096 」 
    [junit] file length :「 90112 」,BufferPool PageSize :「 4096 」 
    [junit] file length :「 90112 」,BufferPool PageSize :「 4096 」 
    [junit] file length :「 90112 」,BufferPool PageSize :「 4096 」 
    [junit] file length :「 90112 」,BufferPool PageSize :「 4096 」 
    [junit] file length :「 90112 」,BufferPool PageSize :「 4096 」 
    [junit] file length :「 90112 」,BufferPool PageSize :「 4096 」 
    [junit] file length :「 90112 」,BufferPool PageSize :「 4096 」 
    [junit] file length :「 90112 」,BufferPool PageSize :「 4096 」 
    [junit] file length :「 90112 」,BufferPool PageSize :「 4096 」 
    [junit] file length :「 90112 」,BufferPool PageSize :「 4096 」 
    [junit] file length :「 90112 」,BufferPool PageSize :「 4096 」 
    [junit] file length :「 90112 」,BufferPool PageSize :「 4096 」 
    [junit] file length :「 90112 」,BufferPool PageSize :「 4096 」 
    [junit] file length :「 90112 」,BufferPool PageSize :「 4096 」 
    [junit] file length :「 90112 」,BufferPool PageSize :「 4096 」 
    [junit] file length :「 90112 」,BufferPool PageSize :「 4096 」 
    [junit] file length :「 90112 」,BufferPool PageSize :「 4096 」 
    [junit] file length :「 90112 」,BufferPool PageSize :「 4096 」 
    [junit] file length :「 90112 」,BufferPool PageSize :「 4096 」 
    [junit] file length :「 90112 」,BufferPool PageSize :「 4096 」 
    [junit] file length :「 90112 」,BufferPool PageSize :「 4096 」 
    [junit] file length :「 90112 」,BufferPool PageSize :「 4096 」 
    [junit] file length :「 90112 」,BufferPool PageSize :「 4096 」 
    [junit] file length :「 90112 」,BufferPool PageSize :「 4096 」 
    [junit] file length :「 90112 」,BufferPool PageSize :「 4096 」 
    [junit] file length :「 90112 」,BufferPool PageSize :「 4096 」 
    [junit] file length :「 90112 」,BufferPool PageSize :「 4096 」 
    [junit] file length :「 90112 」,BufferPool PageSize :「 4096 」 
    [junit] file length :「 90112 」,BufferPool PageSize :「 4096 」 
    [junit] file length :「 90112 」,BufferPool PageSize :「 4096 」 
    [junit] file length :「 90112 」,BufferPool PageSize :「 4096 」 
    [junit] file length :「 90112 」,BufferPool PageSize :「 4096 」 
    [junit] file length :「 4096 」,BufferPool PageSize :「 4096 」 
    [junit] file length :「 4096 」,BufferPool PageSize :「 4096 」 
    [junit] file length :「 4096 」,BufferPool PageSize :「 4096 」 
    [junit] file length :「 4096 」,BufferPool PageSize :「 4096 」 
    [junit] file length :「 4096 」,BufferPool PageSize :「 4096 」 
    [junit] file length :「 4096 」,BufferPool PageSize :「 4096 」 
    [junit] file length :「 12288 」,BufferPool PageSize :「 4096 」 
    [junit] file length :「 12288 」,BufferPool PageSize :「 4096 」 
    [junit] file length :「 12288 」,BufferPool PageSize :「 4096 」 
    [junit] file length :「 12288 」,BufferPool PageSize :「 4096 」 
    [junit] file length :「 12288 」,BufferPool PageSize :「 4096 」 
    [junit] file length :「 12288 」,BufferPool PageSize :「 4096 」 
    [junit] file length :「 12288 」,BufferPool PageSize :「 4096 」 
    [junit] file length :「 12288 」,BufferPool PageSize :「 4096 」 
    [junit] file length :「 12288 」,BufferPool PageSize :「 4096 」 
    [junit] file length :「 12288 」,BufferPool PageSize :「 4096 」 
    [junit] file length :「 12288 」,BufferPool PageSize :「 4096 」 
    [junit] file length :「 12288 」,BufferPool PageSize :「 4096 」 
    [junit] file length :「 12288 」,BufferPool PageSize :「 4096 」 
    [junit] file length :「 12288 」,BufferPool PageSize :「 4096 」 
    [junit] file length :「 12288 」,BufferPool PageSize :「 4096 」 
    [junit] file length :「 12288 」,BufferPool PageSize :「 4096 」 
    [junit] file length :「 12288 」,BufferPool PageSize :「 4096 」 
    [junit] file length :「 12288 」,BufferPool PageSize :「 4096 」 
    [junit] file length :「 20480 」,BufferPool PageSize :「 4096 」 
    [junit] file length :「 20480 」,BufferPool PageSize :「 4096 」 
    [junit] file length :「 20480 」,BufferPool PageSize :「 4096 」 
    [junit] file length :「 20480 」,BufferPool PageSize :「 4096 」 
    [junit] file length :「 20480 」,BufferPool PageSize :「 4096 」 
    [junit] file length :「 20480 」,BufferPool PageSize :「 4096 」 
    [junit] file length :「 20480 」,BufferPool PageSize :「 4096 」 
    [junit] file length :「 20480 」,BufferPool PageSize :「 4096 」 
    [junit] file length :「 20480 」,BufferPool PageSize :「 4096 」 
    [junit] file length :「 20480 」,BufferPool PageSize :「 4096 」 
    [junit] file length :「 20480 」,BufferPool PageSize :「 4096 」 
    [junit] file length :「 20480 」,BufferPool PageSize :「 4096 」 
    [junit] file length :「 20480 」,BufferPool PageSize :「 4096 」 
    [junit] file length :「 20480 」,BufferPool PageSize :「 4096 」 
    [junit] file length :「 20480 」,BufferPool PageSize :「 4096 」 
    [junit] file length :「 20480 」,BufferPool PageSize :「 4096 」 
    [junit] file length :「 20480 」,BufferPool PageSize :「 4096 」 
    [junit] file length :「 20480 」,BufferPool PageSize :「 4096 」 
    [junit] file length :「 20480 」,BufferPool PageSize :「 4096 」 
    [junit] file length :「 20480 」,BufferPool PageSize :「 4096 」 
    [junit] file length :「 20480 」,BufferPool PageSize :「 4096 」 
    [junit] file length :「 20480 」,BufferPool PageSize :「 4096 」 
    [junit] file length :「 20480 」,BufferPool PageSize :「 4096 」 
    [junit] file length :「 20480 」,BufferPool PageSize :「 4096 」 
    [junit] file length :「 20480 」,BufferPool PageSize :「 4096 」 
    [junit] file length :「 20480 」,BufferPool PageSize :「 4096 」 
    [junit] file length :「 20480 」,BufferPool PageSize :「 4096 」 
    [junit] file length :「 20480 」,BufferPool PageSize :「 4096 」 
    [junit] file length :「 20480 」,BufferPool PageSize :「 4096 」 
    [junit] file length :「 20480 」,BufferPool PageSize :「 4096 」 
    [junit] file length :「 114688 」,BufferPool PageSize :「 4096 」 
    [junit] file length :「 114688 」,BufferPool PageSize :「 4096 」 
    [junit] file length :「 114688 」,BufferPool PageSize :「 4096 」 
    [junit] file length :「 114688 」,BufferPool PageSize :「 4096 」 
    [junit] file length :「 114688 」,BufferPool PageSize :「 4096 」 
    [junit] file length :「 114688 」,BufferPool PageSize :「 4096 」 
    [junit] file length :「 114688 」,BufferPool PageSize :「 4096 」 
    [junit] file length :「 114688 」,BufferPool PageSize :「 4096 」 
    [junit] file length :「 114688 」,BufferPool PageSize :「 4096 」 
    [junit] file length :「 114688 」,BufferPool PageSize :「 4096 」 
    [junit] file length :「 114688 」,BufferPool PageSize :「 4096 」 
    [junit] file length :「 114688 」,BufferPool PageSize :「 4096 」 
    [junit] file length :「 114688 」,BufferPool PageSize :「 4096 」 
    [junit] file length :「 114688 」,BufferPool PageSize :「 4096 」 
    [junit] file length :「 114688 」,BufferPool PageSize :「 4096 」 
    [junit] file length :「 114688 」,BufferPool PageSize :「 4096 」 
    [junit] file length :「 114688 」,BufferPool PageSize :「 4096 」 
    [junit] file length :「 114688 」,BufferPool PageSize :「 4096 」 
    [junit] file length :「 114688 」,BufferPool PageSize :「 4096 」 
    [junit] file length :「 114688 」,BufferPool PageSize :「 4096 」 
    [junit] file length :「 114688 」,BufferPool PageSize :「 4096 」 
    [junit] file length :「 114688 」,BufferPool PageSize :「 4096 」 
    [junit] file length :「 114688 」,BufferPool PageSize :「 4096 」 
    [junit] file length :「 114688 」,BufferPool PageSize :「 4096 」 
    [junit] file length :「 114688 」,BufferPool PageSize :「 4096 」 
    [junit] file length :「 114688 」,BufferPool PageSize :「 4096 」 
    [junit] file length :「 114688 」,BufferPool PageSize :「 4096 」 
    [junit] file length :「 114688 」,BufferPool PageSize :「 4096 」 
    [junit] file length :「 114688 」,BufferPool PageSize :「 4096 」 
    [junit] file length :「 114688 」,BufferPool PageSize :「 4096 」 
    [junit] file length :「 114688 」,BufferPool PageSize :「 4096 」 
    [junit] file length :「 114688 」,BufferPool PageSize :「 4096 」 
    [junit] file length :「 114688 」,BufferPool PageSize :「 4096 」 
    [junit] file length :「 114688 」,BufferPool PageSize :「 4096 」 
    [junit] file length :「 114688 」,BufferPool PageSize :「 4096 」 
    [junit] file length :「 114688 」,BufferPool PageSize :「 4096 」 
    [junit] file length :「 114688 」,BufferPool PageSize :「 4096 」 
    [junit] file length :「 114688 」,BufferPool PageSize :「 4096 」 
    [junit] file length :「 114688 」,BufferPool PageSize :「 4096 」 
    [junit] file length :「 114688 」,BufferPool PageSize :「 4096 」 
    [junit] file length :「 114688 」,BufferPool PageSize :「 4096 」 
    [junit] file length :「 114688 」,BufferPool PageSize :「 4096 」 
    [junit] file length :「 114688 」,BufferPool PageSize :「 4096 」 
    [junit] file length :「 114688 」,BufferPool PageSize :「 4096 」 
    [junit] file length :「 114688 」,BufferPool PageSize :「 4096 」 
    [junit] file length :「 114688 」,BufferPool PageSize :「 4096 」 
    [junit] file length :「 114688 」,BufferPool PageSize :「 4096 」 
    [junit] file length :「 114688 」,BufferPool PageSize :「 4096 」 
    [junit] file length :「 114688 」,BufferPool PageSize :「 4096 」 
    [junit] file length :「 114688 」,BufferPool PageSize :「 4096 」 
    [junit] file length :「 114688 」,BufferPool PageSize :「 4096 」 
    [junit] file length :「 114688 」,BufferPool PageSize :「 4096 」 
    [junit] file length :「 114688 」,BufferPool PageSize :「 4096 」 
    [junit] file length :「 114688 」,BufferPool PageSize :「 4096 」 
    [junit] file length :「 114688 」,BufferPool PageSize :「 4096 」 
    [junit] file length :「 114688 」,BufferPool PageSize :「 4096 」 
    [junit] ------------- ---------------- ---------------
    [junit] 
    [junit] Testcase: testRewind took 0.076 sec
    [junit] Testcase: testCache took 0.653 sec
    [junit] Testcase: testSmall took 0.531 sec

BUILD SUCCESSFUL
Total time: 3 seconds
jhw@ubuntu:~/WorkSpace/JavaPrograms/acmdb-lab1/acmdb-lab1$ 

